# JRE version: OpenJDK Runtime Environment (8.0_242-b01) (build 1.8.0_242-release-1644-b01)
# Java VM: OpenJDK 64-Bit Server VM (25.242-b01 mixed mode windows-amd64 compressed oops)
Heap:
 PSYoungGen      total 161280K, used 114822K [0x00000000d6000000, 0x00000000e4a80000, 0x0000000100000000)
  eden space 129024K, 64% used [0x00000000d6000000,0x00000000db0a72d0,0x00000000dde00000)
  from space 32256K, 99% used [0x00000000dde00000,0x00000000dfd7a540,0x00000000dfd80000)
  to   space 39424K, 0% used [0x00000000e2400000,0x00000000e2400000,0x00000000e4a80000)
 ParOldGen       total 133120K, used 55491K [0x0000000082000000, 0x000000008a200000, 0x00000000d6000000)
  object space 133120K, 41% used [0x0000000082000000,0x0000000085630eb0,0x000000008a200000)
 Metaspace       used 57224K, capacity 58388K, committed 58712K, reserved 1101824K
  class space    used 6667K, capacity 6968K, committed 7040K, reserved 1048576K
GC Heap History (10 events):
Event: 7.336 GC heap before
{Heap before GC invocations=7 (full 1):
 PSYoungGen      total 70656K, used 45198K [0x00000000d6000000, 0x00000000dec00000, 0x0000000100000000)
  eden space 65536K, 61% used [0x00000000d6000000,0x00000000d872af18,0x00000000da000000)
  from space 5120K, 99% used [0x00000000da000000,0x00000000da4f8c60,0x00000000da500000)
  to   space 22528K, 0% used [0x00000000dd600000,0x00000000dd600000,0x00000000dec00000)
 ParOldGen       total 86016K, used 28925K [0x0000000082000000, 0x0000000087400000, 0x00000000d6000000)
  object space 86016K, 33% used [0x0000000082000000,0x0000000083c3f690,0x0000000087400000)
 Metaspace       used 34631K, capacity 35108K, committed 35416K, reserved 1081344K
  class space    used 4295K, capacity 4444K, committed 4480K, reserved 1048576K
Event: 7.355 GC heap after
Heap after GC invocations=7 (full 1):
 PSYoungGen      total 118784K, used 16329K [0x00000000d6000000, 0x00000000dec00000, 0x0000000100000000)
  eden space 96256K, 0% used [0x00000000d6000000,0x00000000d6000000,0x00000000dbe00000)
  from space 22528K, 72% used [0x00000000dd600000,0x00000000de5f2730,0x00000000dec00000)
  to   space 23552K, 0% used [0x00000000dbe00000,0x00000000dbe00000,0x00000000dd500000)
 ParOldGen       total 86016K, used 28933K [0x0000000082000000, 0x0000000087400000, 0x00000000d6000000)
  object space 86016K, 33% used [0x0000000082000000,0x0000000083c41690,0x0000000087400000)
 Metaspace       used 34631K, capacity 35108K, committed 35416K, reserved 1081344K
  class space    used 4295K, capacity 4444K, committed 4480K, reserved 1048576K
}
Event: 7.355 GC heap before
{Heap before GC invocations=8 (full 2):
 PSYoungGen      total 118784K, used 16329K [0x00000000d6000000, 0x00000000dec00000, 0x0000000100000000)
  eden space 96256K, 0% used [0x00000000d6000000,0x00000000d6000000,0x00000000dbe00000)
  from space 22528K, 72% used [0x00000000dd600000,0x00000000de5f2730,0x00000000dec00000)
  to   space 23552K, 0% used [0x00000000dbe00000,0x00000000dbe00000,0x00000000dd500000)
 ParOldGen       total 86016K, used 28933K [0x0000000082000000, 0x0000000087400000, 0x00000000d6000000)
  object space 86016K, 33% used [0x0000000082000000,0x0000000083c41690,0x0000000087400000)
 Metaspace       used 34631K, capacity 35108K, committed 35416K, reserved 1081344K
  class space    used 4295K, capacity 4444K, committed 4480K, reserved 1048576K
Event: 7.478 GC heap after
Heap after GC invocations=8 (full 2):
 PSYoungGen      total 118784K, used 0K [0x00000000d6000000, 0x00000000dec00000, 0x0000000100000000)
  eden space 96256K, 0% used [0x00000000d6000000,0x00000000d6000000,0x00000000dbe00000)
  from space 22528K, 0% used [0x00000000dd600000,0x00000000dd600000,0x00000000dec00000)
  to   space 23552K, 0% used [0x00000000dbe00000,0x00000000dbe00000,0x00000000dd500000)
 ParOldGen       total 133120K, used 42304K [0x0000000082000000, 0x000000008a200000, 0x00000000d6000000)
  object space 133120K, 31% used [0x0000000082000000,0x00000000849502a8,0x000000008a200000)
 Metaspace       used 34631K, capacity 35108K, committed 35416K, reserved 1081344K
  class space    used 4295K, capacity 4444K, committed 4480K, reserved 1048576K
}
Event: 10.035 GC heap before
{Heap before GC invocations=9 (full 2):
 PSYoungGen      total 118784K, used 96256K [0x00000000d6000000, 0x00000000dec00000, 0x0000000100000000)
  eden space 96256K, 100% used [0x00000000d6000000,0x00000000dbe00000,0x00000000dbe00000)
  from space 22528K, 0% used [0x00000000dd600000,0x00000000dd600000,0x00000000dec00000)
  to   space 23552K, 0% used [0x00000000dbe00000,0x00000000dbe00000,0x00000000dd500000)
 ParOldGen       total 133120K, used 42304K [0x0000000082000000, 0x000000008a200000, 0x00000000d6000000)
  object space 133120K, 31% used [0x0000000082000000,0x00000000849502a8,0x000000008a200000)
 Metaspace       used 44017K, capacity 44796K, committed 45272K, reserved 1089536K
  class space    used 5346K, capacity 5572K, committed 5632K, reserved 1048576K
Event: 10.057 GC heap after
Heap after GC invocations=9 (full 2):
 PSYoungGen      total 119808K, used 18933K [0x00000000d6000000, 0x00000000e1600000, 0x0000000100000000)
  eden space 96256K, 0% used [0x00000000d6000000,0x00000000d6000000,0x00000000dbe00000)
  from space 23552K, 80% used [0x00000000dbe00000,0x00000000dd07d4b0,0x00000000dd500000)
  to   space 25088K, 0% used [0x00000000dfd80000,0x00000000dfd80000,0x00000000e1600000)
 ParOldGen       total 133120K, used 42312K [0x0000000082000000, 0x000000008a200000, 0x00000000d6000000)
  object space 133120K, 31% used [0x0000000082000000,0x00000000849522a8,0x000000008a200000)
 Metaspace       used 44017K, capacity 44796K, committed 45272K, reserved 1089536K
  class space    used 5346K, capacity 5572K, committed 5632K, reserved 1048576K
}
Event: 14.121 GC heap before
{Heap before GC invocations=10 (full 2):
 PSYoungGen      total 119808K, used 115189K [0x00000000d6000000, 0x00000000e1600000, 0x0000000100000000)
  eden space 96256K, 100% used [0x00000000d6000000,0x00000000dbe00000,0x00000000dbe00000)
  from space 23552K, 80% used [0x00000000dbe00000,0x00000000dd07d4b0,0x00000000dd500000)
  to   space 25088K, 0% used [0x00000000dfd80000,0x00000000dfd80000,0x00000000e1600000)
 ParOldGen       total 133120K, used 42312K [0x0000000082000000, 0x000000008a200000, 0x00000000d6000000)
  object space 133120K, 31% used [0x0000000082000000,0x00000000849522a8,0x000000008a200000)
 Metaspace       used 50620K, capacity 51544K, committed 51800K, reserved 1095680K
  class space    used 6017K, capacity 6268K, committed 6272K, reserved 1048576K
Event: 14.165 GC heap after
Heap after GC invocations=10 (full 2):
 PSYoungGen      total 154112K, used 25077K [0x00000000d6000000, 0x00000000e2080000, 0x0000000100000000)
  eden space 129024K, 0% used [0x00000000d6000000,0x00000000d6000000,0x00000000dde00000)
  from space 25088K, 99% used [0x00000000dfd80000,0x00000000e15fd528,0x00000000e1600000)
  to   space 32256K, 0% used [0x00000000dde00000,0x00000000dde00000,0x00000000dfd80000)
 ParOldGen       total 133120K, used 49449K [0x0000000082000000, 0x000000008a200000, 0x00000000d6000000)
  object space 133120K, 37% used [0x0000000082000000,0x000000008504a778,0x000000008a200000)
 Metaspace       used 50620K, capacity 51544K, committed 51800K, reserved 1095680K
  class space    used 6017K, capacity 6268K, committed 6272K, reserved 1048576K
}
Event: 15.820 GC heap before
{Heap before GC invocations=11 (full 2):
 PSYoungGen      total 154112K, used 154101K [0x00000000d6000000, 0x00000000e2080000, 0x0000000100000000)
  eden space 129024K, 100% used [0x00000000d6000000,0x00000000dde00000,0x00000000dde00000)
  from space 25088K, 99% used [0x00000000dfd80000,0x00000000e15fd528,0x00000000e1600000)
  to   space 32256K, 0% used [0x00000000dde00000,0x00000000dde00000,0x00000000dfd80000)
 ParOldGen       total 133120K, used 49449K [0x0000000082000000, 0x000000008a200000, 0x00000000d6000000)
  object space 133120K, 37% used [0x0000000082000000,0x000000008504a778,0x000000008a200000)
 Metaspace       used 51659K, capacity 52704K, committed 53080K, reserved 1095680K
  class space    used 6135K, capacity 6410K, committed 6528K, reserved 1048576K
Event: 15.875 GC heap after
Heap after GC invocations=11 (full 2):
 PSYoungGen      total 161280K, used 32233K [0x00000000d6000000, 0x00000000e4a80000, 0x0000000100000000)
  eden space 129024K, 0% used [0x00000000d6000000,0x00000000d6000000,0x00000000dde00000)
  from space 32256K, 99% used [0x00000000dde00000,0x00000000dfd7a540,0x00000000dfd80000)
  to   space 39424K, 0% used [0x00000000e2400000,0x00000000e2400000,0x00000000e4a80000)
 ParOldGen       total 133120K, used 55491K [0x0000000082000000, 0x000000008a200000, 0x00000000d6000000)
  object space 133120K, 41% used [0x0000000082000000,0x0000000085630eb0,0x000000008a200000)
 Metaspace       used 51659K, capacity 52704K, committed 53080K, reserved 1095680K
  class space    used 6135K, capacity 6410K, committed 6528K, reserved 1048576K
}

